#
# There is insufficient memory for the Java Runtime Environment to continue.
# Native memory allocation (mmap) failed to map 268435456 bytes for G1 virtual space
# Possible reasons:
#   The system is out of physical RAM or swap space
#   The process is running with CompressedOops enabled, and the Java Heap may be blocking the growth of the native heap
# Possible solutions:
#   Reduce memory load on the system
#   Increase physical memory or swap space
#   Check if swap backing store is full
#   Decrease Java heap size (-Xmx/-Xms)
#   Decrease number of Java threads
#   Decrease Java thread stack sizes (-Xss)
#   Set larger code cache with -XX:ReservedCodeCacheSize=
#   JVM is running with Zero Based Compressed Oops mode in which the Java heap is
#     placed in the first 32GB address space. The Java Heap base address is the
#     maximum limit for the native heap growth. Please use -XX:HeapBaseMinAddress
#     to set the Java Heap base and to place the Java Heap above 32GB virtual address.
# This output file may be truncated or incomplete.
#
#  Out of Memory Error (os_windows.cpp:3536), pid=3820, tid=4248
#
# JRE version:  (19.0.2+7) (build )
# Java VM: Java HotSpot(TM) 64-Bit Server VM (19.0.2+7-44, mixed mode, sharing, tiered, compressed oops, compressed class ptrs, g1 gc, windows-amd64)
# No core dump will be written. Minidumps are not enabled by default on client versions of Windows
#

---------------  S U M M A R Y ------------

Command Line: -Dfile.encoding=UTF-8 --module-path=C:\Users\joaqu\OneDrive\Escritorio\Obligatorio2P2\Obligatorio2P2\SegundoObligatorioP2\build\classes segundoobligatoriop2.Sistema

Host: Intel(R) Core(TM) i5-8600K CPU @ 3.60GHz, 6 cores, 15G,  Windows 10 , 64 bit Build 19041 (10.0.19041.3031)
Time: Mon Jun 19 22:05:23 2023 Hora estándar de Montevideo elapsed time: 0.010482 seconds (0d 0h 0m 0s)

---------------  T H R E A D  ---------------

Current thread (0x0000024b1e60c7d0):  JavaThread "Unknown thread" [_thread_in_vm, id=4248, stack(0x00000099f1c00000,0x00000099f1d00000)]

Stack: [0x00000099f1c00000,0x00000099f1d00000]
Native frames: (J=compiled Java code, j=interpreted, Vv=VM code, C=native code)
V  [jvm.dll+0x6ee21a]
V  [jvm.dll+0x85765e]
V  [jvm.dll+0x85904e]
V  [jvm.dll+0x859703]
V  [jvm.dll+0x28298f]
V  [jvm.dll+0x6eb009]
V  [jvm.dll+0x6dfbaa]
V  [jvm.dll+0x3573f6]
V  [jvm.dll+0x35ee56]
V  [jvm.dll+0x3b541e]
V  [jvm.dll+0x3b564f]
V  [jvm.dll+0x32c9ea]
V  [jvm.dll+0x32d89e]
V  [jvm.dll+0x821780]
V  [jvm.dll+0x3c2661]
V  [jvm.dll+0x801f51]
V  [jvm.dll+0x44ae8f]
V  [jvm.dll+0x44c811]
C  [jli.dll+0x5287]
C  [ucrtbase.dll+0x21bb2]
C  [KERNEL32.DLL+0x17614]
C  [ntdll.dll+0x526f1]


---------------  P R O C E S S  ---------------

Threads class SMR info:
_java_thread_list=0x00007ffd3debd048, length=0, elements={
}

Java Threads: ( => current thread )

Other Threads:
  0x0000024b2078a2d0 WorkerThread "GC Thread#0" [stack: 0x00000099f1d00000,0x00000099f1e00000] [id=22740]
  0x0000024b2079b110 ConcurrentGCThread "G1 Main Marker" [stack: 0x00000099f1e00000,0x00000099f1f00000] [id=21320]
  0x0000024b2079ccf0 WorkerThread "G1 Conc#0" [stack: 0x00000099f1f00000,0x00000099f2000000] [id=22088]

[error occurred during error reporting (printing all threads), id 0xc0000005, EXCEPTION_ACCESS_VIOLATION (0xc0000005) at pc=0x00007ffd3d67d427]

VM state: not at safepoint (not fully initialized)

VM Mutex/Monitor currently owned by a thread:  ([mutex/lock_event])
[0x0000024b207198d0] Heap_lock - owner thread: 0x0000024b1e60c7d0

Heap address: 0x0000000701200000, size: 4078 MB, Compressed Oops mode: Zero based, Oop shift amount: 3

CDS archive(s) mapped at: [0x0000000000000000-0x0000000000000000-0x0000000000000000), size 0, SharedBaseAddress: 0x0000000800000000, ArchiveRelocationMode: 0.
Narrow klass base: 0x0000000000000000, Narrow klass shift: 0, Narrow klass range: 0x0

GC Precious Log:
 CardTable entry size: 512
 Card Set container configuration: InlinePtr #cards 4 size 8 Array Of Cards #cards 16 size 48 Howl #buckets 8 coarsen threshold 3686 Howl Bitmap #cards 512 size 80 coarsen threshold 460 Card regions per heap region 1 cards per card region 4096

Heap:
 garbage-first heap   total 0K, used 0K [0x0000000701200000, 0x0000000800000000)
  region size 2048K, 0 young (0K), 0 survivors (0K)

[error occurred during error reporting (printing heap information), id 0xc0000005, EXCEPTION_ACCESS_VIOLATION (0xc0000005) at pc=0x00007ffd3da86649]

GC Heap History (0 events):
No events

Dll operation events (1 events):
Event: 0.005 Loaded shared library C:\Program Files\Java\jdk-19\bin\java.dll

Deoptimization events (0 events):
No events

Classes loaded (0 events):
No events

Classes unloaded (0 events):
No events

Classes redefined (0 events):
No events

Internal exceptions (0 events):
No events

VM Operations (0 events):
No events

Events (0 events):
No events


Dynamic libraries:
0x00007ff6aaf50000 - 0x00007ff6aaf60000 	C:\Program Files\Java\jdk-19\bin\java.exe
0x00007ffdb87b0000 - 0x00007ffdb89a8000 	C:\WINDOWS\SYSTEM32\ntdll.dll
0x00007ffdb8590000 - 0x00007ffdb864f000 	C:\WINDOWS\System32\KERNEL32.DLL
0x00007ffdb61c0000 - 0x00007ffdb64b6000 	C:\WINDOWS\System32\KERNELBASE.dll
0x00007ffdb60c0000 - 0x00007ffdb61c0000 	C:\WINDOWS\System32\ucrtbase.dll
0x00007ffd9de70000 - 0x00007ffd9de8b000 	C:\Program Files\Java\jdk-19\bin\VCRUNTIME140.dll
0x00007ffd9cb80000 - 0x00007ffd9cb98000 	C:\Program Files\Java\jdk-19\bin\jli.dll
0x00007ffdb8450000 - 0x00007ffdb84ff000 	C:\WINDOWS\System32\ADVAPI32.dll
0x00007ffdb7b90000 - 0x00007ffdb7c2e000 	C:\WINDOWS\System32\msvcrt.dll
0x00007ffdb82b0000 - 0x00007ffdb834c000 	C:\WINDOWS\System32\sechost.dll
0x00007ffdb7c60000 - 0x00007ffdb7d86000 	C:\WINDOWS\System32\RPCRT4.dll
0x00007ffdb74c0000 - 0x00007ffdb765d000 	C:\WINDOWS\System32\USER32.dll
0x00007ffdb67e0000 - 0x00007ffdb6802000 	C:\WINDOWS\System32\win32u.dll
0x00007ffd9eb90000 - 0x00007ffd9ee2a000 	C:\WINDOWS\WinSxS\amd64_microsoft.windows.common-controls_6595b64144ccf1df_6.0.19041.1110_none_60b5254171f9507e\COMCTL32.dll
0x00007ffdb7c30000 - 0x00007ffdb7c5c000 	C:\WINDOWS\System32\GDI32.dll
0x00007ffdb6690000 - 0x00007ffdb67a5000 	C:\WINDOWS\System32\gdi32full.dll
0x00007ffdb5e90000 - 0x00007ffdb5f2d000 	C:\WINDOWS\System32\msvcp_win.dll
0x00007ffdb09f0000 - 0x00007ffdb09fa000 	C:\WINDOWS\SYSTEM32\VERSION.dll
0x00007ffdb7660000 - 0x00007ffdb7690000 	C:\WINDOWS\System32\IMM32.DLL
0x00007ffdb1950000 - 0x00007ffdb195c000 	C:\Program Files\Java\jdk-19\bin\vcruntime140_1.dll
0x00007ffd9caa0000 - 0x00007ffd9cb2e000 	C:\Program Files\Java\jdk-19\bin\msvcp140.dll
0x00007ffd3d340000 - 0x00007ffd3e000000 	C:\Program Files\Java\jdk-19\bin\server\jvm.dll
0x00007ffdb35f0000 - 0x00007ffdb35f9000 	C:\WINDOWS\SYSTEM32\WSOCK32.dll
0x00007ffdaac00000 - 0x00007ffdaac27000 	C:\WINDOWS\SYSTEM32\WINMM.dll
0x00007ffdb7690000 - 0x00007ffdb76fb000 	C:\WINDOWS\System32\WS2_32.dll
0x00007ffdb3d20000 - 0x00007ffdb3d32000 	C:\WINDOWS\SYSTEM32\kernel.appcore.dll
0x00007ffdb1900000 - 0x00007ffdb190a000 	C:\Program Files\Java\jdk-19\bin\jimage.dll
0x00007ffda8a20000 - 0x00007ffda8c04000 	C:\WINDOWS\SYSTEM32\DBGHELP.DLL
0x00007ffda89e0000 - 0x00007ffda8a14000 	C:\WINDOWS\SYSTEM32\dbgcore.DLL
0x00007ffdb5f30000 - 0x00007ffdb5fb2000 	C:\WINDOWS\System32\bcryptPrimitives.dll
0x00007ffd9dda0000 - 0x00007ffd9ddc6000 	C:\Program Files\Java\jdk-19\bin\java.dll

dbghelp: loaded successfully - version: 4.0.5 - missing functions: none
symbol engine: initialized successfully - sym options: 0x614 - pdb path: .;C:\Program Files\Java\jdk-19\bin;C:\WINDOWS\SYSTEM32;C:\WINDOWS\WinSxS\amd64_microsoft.windows.common-controls_6595b64144ccf1df_6.0.19041.1110_none_60b5254171f9507e;C:\Program Files\Java\jdk-19\bin\server

VM Arguments:
jvm_args: -Dfile.encoding=UTF-8 --module-path=C:\Users\joaqu\OneDrive\Escritorio\Obligatorio2P2\Obligatorio2P2\SegundoObligatorioP2\build\classes 
java_command: segundoobligatoriop2.Sistema
java_class_path (initial): C:\Users\joaqu\OneDrive\Escritorio\Obligatorio2P2\Obligatorio2P2\SegundoObligatorioP2\src\segundoobligatoriop2\PDF-Gen\itext5-itextpdf-5.5.12.jar;C:\Users\joaqu\OneDrive\Escritorio\Obligatorio2P2\Obligatorio2P2\SegundoObligatorioP2\build\classes
Launcher Type: SUN_STANDARD

[Global flags]
     intx CICompilerCount                          = 3                                         {product} {ergonomic}
     uint ConcGCThreads                            = 2                                         {product} {ergonomic}
     uint G1ConcRefinementThreads                  = 6                                         {product} {ergonomic}
   size_t G1HeapRegionSize                         = 2097152                                   {product} {ergonomic}
    uintx GCDrainStackTargetSize                   = 64                                        {product} {ergonomic}
   size_t InitialHeapSize                          = 268435456                                 {product} {ergonomic}
   size_t MarkStackSize                            = 4194304                                   {product} {ergonomic}
   size_t MaxHeapSize                              = 4276092928                                {product} {ergonomic}
   size_t MinHeapDeltaBytes                        = 2097152                                   {product} {ergonomic}
   size_t MinHeapSize                              = 8388608                                   {product} {ergonomic}
    uintx NonNMethodCodeHeapSize                   = 5832780                                {pd product} {ergonomic}
    uintx NonProfiledCodeHeapSize                  = 122912730                              {pd product} {ergonomic}
    uintx ProfiledCodeHeapSize                     = 122912730                              {pd product} {ergonomic}
    uintx ReservedCodeCacheSize                    = 251658240                              {pd product} {ergonomic}
     bool SegmentedCodeCache                       = true                                      {product} {ergonomic}
   size_t SoftMaxHeapSize                          = 4276092928                             {manageable} {ergonomic}
     bool UseCompressedClassPointers               = true                           {product lp64_product} {ergonomic}
     bool UseCompressedOops                        = true                           {product lp64_product} {ergonomic}
     bool UseG1GC                                  = true                                      {product} {ergonomic}
     bool UseLargePagesIndividualAllocation        = false                                  {pd product} {ergonomic}

Logging:
Log output configuration:
 #0: stdout all=warning uptime,level,tags foldmultilines=false
 #1: stderr all=off uptime,level,tags foldmultilines=false

Environment Variables:
PATH=C:\Program Files\Common Files\Oracle\Java\javapath;C:\Program Files (x86)\Common Files\Oracle\Java\javapath;C:\Program Files (x86)\VMware\VMware Player\bin\;C:\Program Files (x86)\Razer Chroma SDK\bin;C:\Program Files\Razer Chroma SDK\bin;C:\Program Files (x86)\Razer\ChromaBroadcast\bin;C:\Program Files\Razer\ChromaBroadcast\bin;C:\WINDOWS\system32;C:\WINDOWS;C:\WINDOWS\System32\Wbem;C:\WINDOWS\System32\WindowsPowerShell\v1.0\;C:\WINDOWS\System32\OpenSSH\;C:\WINDOWS\system32\config\systemprofile\AppData\Local\Microsoft\WindowsApps;C:\WINDOWS\system32;C:\WINDOWS;C:\WINDOWS\System32\Wbem;C:\WINDOWS\System32\WindowsPowerShell\v1.0\;C:\WINDOWS\System32\OpenSSH\;C:\Program Files\Git\cmd;C:\Program Files\nodejs\;C:\Program Files\NVIDIA Corporation\NVIDIA NvDLISR;C:\Program Files (x86)\NVIDIA Corporation\PhysX\Common;C:\Program Files\dotnet\;C:\Users\joaqu\AppData\Local\Microsoft\WindowsApps;C:\Users\joaqu\AppData\Local\Programs\Microsoft VS Code\bin;C:\Users\joaqu\AppData\Local\GitHubDesktop\bin;C:\Users\joaqu\AppData\Roaming\npm
USERNAME=joaqu
OS=Windows_NT
PROCESSOR_IDENTIFIER=Intel64 Family 6 Model 158 Stepping 10, GenuineIntel
TMP=C:\Users\joaqu\AppData\Local\Temp
TEMP=C:\Users\joaqu\AppData\Local\Temp



---------------  S Y S T E M  ---------------

OS:
 Windows 10 , 64 bit Build 19041 (10.0.19041.3031)
OS uptime: 0 days 9:13 hours
Hyper-V role detected

CPU: total 6 (initial active 6) (6 cores per cpu, 1 threads per core) family 6 model 158 stepping 10 microcode 0xb4, cx8, cmov, fxsr, mmx, 3dnowpref, sse, sse2, sse3, ssse3, sse4.1, sse4.2, popcnt, lzcnt, tsc, tscinvbit, avx, avx2, aes, erms, clmul, bmi1, bmi2, rtm, adx, fma, vzeroupper, clflush, clflushopt, hv, rdtscp

Memory: 4k page, system-wide physical 16308M (4987M free)
TotalPageFile size 18356M (AvailPageFile size 140M)
current process WorkingSet (physical memory assigned to process): 10M, peak: 10M
current process commit charge ("private bytes"): 56M, peak: 312M

vm_info: Java HotSpot(TM) 64-Bit Server VM (19.0.2+7-44) for windows-amd64 JRE (19.0.2+7-44), built on 2022-11-30T18:02:09Z by "mach5one" with MS VC++ 17.1 (VS2022)

END.
